[1009/192105.888:ERROR:directory_reader_win.cc(43)] FindFirstFile: The system cannot find the path specified. (0x3)
<<<<<<< HEAD
[1010/175907.612:ERROR:directory_reader_win.cc(43)] FindFirstFile: The system cannot find the path specified. (0x3)
=======
[1010/230029.062:ERROR:directory_reader_win.cc(43)] FindFirstFile: The system cannot find the path specified. (0x3)
>>>>>>> 20a80bb4b4e6b39c24c1a539ccd92e7de6e3ea65
[1012/164240.571:ERROR:directory_reader_win.cc(43)] FindFirstFile: The system cannot find the path specified. (0x3)
<<<<<<< HEAD
[1014/133552.141:ERROR:directory_reader_win.cc(43)] FindFirstFile: The system cannot find the path specified. (0x3)
=======
[1014/210831.249:ERROR:directory_reader_win.cc(43)] FindFirstFile: The system cannot find the path specified. (0x3)
>>>>>>> 3320d02830287c7002c4ba85331d141b42169cce
<<<<<<< HEAD
[1015/175447.948:ERROR:directory_reader_win.cc(43)] FindFirstFile: The system cannot find the path specified. (0x3)
[1019/185531.980:ERROR:directory_reader_win.cc(43)] FindFirstFile: The system cannot find the path specified. (0x3)
=======
[1015/131629.804:ERROR:directory_reader_win.cc(43)] FindFirstFile: The system cannot find the path specified. (0x3)
[1015/181615.207:ERROR:directory_reader_win.cc(43)] FindFirstFile: The system cannot find the path specified. (0x3)
[1017/153837.091:ERROR:directory_reader_win.cc(43)] FindFirstFile: The system cannot find the path specified. (0x3)
>>>>>>> 22c0ad474b608e2d8abe441468b33732d11b3b85
[1020/232855.227:ERROR:directory_reader_win.cc(43)] FindFirstFile: The system cannot find the path specified. (0x3)
[1021/193213.186:ERROR:directory_reader_win.cc(43)] FindFirstFile: The system cannot find the path specified. (0x3)
[1021/193213.191:ERROR:filesystem_win.cc(129)] GetFileAttributes C:\Users\lenovo\AppData\Local\Google\Chrome\User Data\Crashpad\attachments\a6f25add-e9c8-4e91-a861-64f10e00bd17: The system cannot find the path specified. (0x3)
[1021/193213.192:ERROR:filesystem_win.cc(129)] GetFileAttributes C:\Users\lenovo\AppData\Local\Google\Chrome\User Data\Crashpad\attachments\7a0134a2-3bf9-4722-a460-1e86523ed78b: The system cannot find the path specified. (0x3)
[1021/193213.193:ERROR:filesystem_win.cc(129)] GetFileAttributes C:\Users\lenovo\AppData\Local\Google\Chrome\User Data\Crashpad\attachments\d65f4bdf-d6ec-427e-93d2-e389c99ee6c0: The system cannot find the path specified. (0x3)
[1021/193213.195:ERROR:filesystem_win.cc(129)] GetFileAttributes C:\Users\lenovo\AppData\Local\Google\Chrome\User Data\Crashpad\attachments\4e994861-9fc0-4f39-b5a5-48e1484a99ee: The system cannot find the path specified. (0x3)
[1021/193213.196:ERROR:filesystem_win.cc(129)] GetFileAttributes C:\Users\lenovo\AppData\Local\Google\Chrome\User Data\Crashpad\attachments\a0475dc2-10c2-420b-aa4f-85a7c9024ab0: The system cannot find the path specified. (0x3)
[1021/193213.197:ERROR:filesystem_win.cc(129)] GetFileAttributes C:\Users\lenovo\AppData\Local\Google\Chrome\User Data\Crashpad\attachments\59c9f190-a693-4ea0-93be-e3f02f711e2d: The system cannot find the path specified. (0x3)
[1021/234604.193:ERROR:directory_reader_win.cc(43)] FindFirstFile: The system cannot find the path specified. (0x3)
[1022/184158.904:ERROR:directory_reader_win.cc(43)] FindFirstFile: The system cannot find the path specified. (0x3)
[1025/101705.940:ERROR:directory_reader_win.cc(43)] FindFirstFile: The system cannot find the path specified. (0x3)
[1025/152106.007:ERROR:directory_reader_win.cc(43)] FindFirstFile: The system cannot find the path specified. (0x3)
[1025/204558.471:ERROR:directory_reader_win.cc(43)] FindFirstFile: The system cannot find the path specified. (0x3)
[1026/103411.890:ERROR:directory_reader_win.cc(43)] FindFirstFile: The system cannot find the path specified. (0x3)
[1026/194527.107:ERROR:directory_reader_win.cc(43)] FindFirstFile: The system cannot find the path specified. (0x3)
[1026/222040.184:ERROR:directory_reader_win.cc(43)] FindFirstFile: The system cannot find the path specified. (0x3)
